0 info it worked if it ends with ok
1 verbose cli [ 'D:\\Devlopment Programms\\nodejs\\node.exe',
1 verbose cli   'D:\\Devlopment Programms\\nodejs\\node_modules\\npm\\bin\\npm-cli.js',
1 verbose cli   'install',
1 verbose cli   'rpi-433' ]
2 info using npm@3.10.10
3 info using node@v6.10.2
4 silly loadCurrentTree Starting
5 silly install loadCurrentTree
6 silly install readLocalPackageData
7 silly fetchPackageMetaData rpi-433
8 silly fetchNamedPackageData rpi-433
9 silly mapToRegistry name rpi-433
10 silly mapToRegistry using default registry
11 silly mapToRegistry registry https://registry.npmjs.org/
12 silly mapToRegistry data Result {
12 silly mapToRegistry   raw: 'rpi-433',
12 silly mapToRegistry   scope: null,
12 silly mapToRegistry   escapedName: 'rpi-433',
12 silly mapToRegistry   name: 'rpi-433',
12 silly mapToRegistry   rawSpec: '',
12 silly mapToRegistry   spec: 'latest',
12 silly mapToRegistry   type: 'tag' }
13 silly mapToRegistry uri https://registry.npmjs.org/rpi-433
14 verbose request uri https://registry.npmjs.org/rpi-433
15 verbose request no auth needed
16 info attempt registry request try #1 at 20:13:11
17 verbose request id cd7d20157e4ee58e
18 verbose etag W/"595201c5-967c"
19 verbose lastModified Tue, 27 Jun 2017 06:57:09 GMT
20 http request GET https://registry.npmjs.org/rpi-433
21 http 304 https://registry.npmjs.org/rpi-433
22 verbose headers { date: 'Tue, 04 Jul 2017 18:13:11 GMT',
22 verbose headers   via: '1.1 varnish',
22 verbose headers   'cache-control': 'max-age=300',
22 verbose headers   etag: 'W/"595201c5-967c"',
22 verbose headers   age: '123',
22 verbose headers   connection: 'keep-alive',
22 verbose headers   'x-served-by': 'cache-hhn1543-HHN',
22 verbose headers   'x-cache': 'HIT',
22 verbose headers   'x-cache-hits': '1',
22 verbose headers   'x-timer': 'S1499191992.641197,VS0,VE0',
22 verbose headers   vary: 'Accept-Encoding' }
23 silly get cb [ 304,
23 silly get   { date: 'Tue, 04 Jul 2017 18:13:11 GMT',
23 silly get     via: '1.1 varnish',
23 silly get     'cache-control': 'max-age=300',
23 silly get     etag: 'W/"595201c5-967c"',
23 silly get     age: '123',
23 silly get     connection: 'keep-alive',
23 silly get     'x-served-by': 'cache-hhn1543-HHN',
23 silly get     'x-cache': 'HIT',
23 silly get     'x-cache-hits': '1',
23 silly get     'x-timer': 'S1499191992.641197,VS0,VE0',
23 silly get     vary: 'Accept-Encoding' } ]
24 verbose etag https://registry.npmjs.org/rpi-433 from cache
25 verbose get saving rpi-433 to C:\Users\Jack\AppData\Roaming\npm-cache\registry.npmjs.org\rpi-433\.cache.json
26 verbose correctMkdir C:\Users\Jack\AppData\Roaming\npm-cache correctMkdir not in flight; initializing
27 silly install normalizeTree
28 silly loadCurrentTree Finishing
29 silly loadIdealTree Starting
30 silly install loadIdealTree
31 silly cloneCurrentTree Starting
32 silly install cloneCurrentTreeToIdealTree
33 silly cloneCurrentTree Finishing
34 silly loadShrinkwrap Starting
35 silly install loadShrinkwrap
36 silly loadShrinkwrap Finishing
37 silly loadAllDepsIntoIdealTree Starting
38 silly install loadAllDepsIntoIdealTree
39 silly resolveWithNewModule rpi-433@2.1.0 checking installable status
40 silly cache add args [ 'rpi-433', null ]
41 verbose cache add spec rpi-433
42 silly cache add parsed spec Result {
42 silly cache add   raw: 'rpi-433',
42 silly cache add   scope: null,
42 silly cache add   escapedName: 'rpi-433',
42 silly cache add   name: 'rpi-433',
42 silly cache add   rawSpec: '',
42 silly cache add   spec: 'latest',
42 silly cache add   type: 'tag' }
43 silly addNamed rpi-433@latest
44 verbose addNamed "latest" is being treated as a dist-tag for rpi-433
45 info addNameTag [ 'rpi-433', 'latest' ]
46 silly mapToRegistry name rpi-433
47 silly mapToRegistry using default registry
48 silly mapToRegistry registry https://registry.npmjs.org/
49 silly mapToRegistry data Result {
49 silly mapToRegistry   raw: 'rpi-433',
49 silly mapToRegistry   scope: null,
49 silly mapToRegistry   escapedName: 'rpi-433',
49 silly mapToRegistry   name: 'rpi-433',
49 silly mapToRegistry   rawSpec: '',
49 silly mapToRegistry   spec: 'latest',
49 silly mapToRegistry   type: 'tag' }
50 silly mapToRegistry uri https://registry.npmjs.org/rpi-433
51 verbose addNameTag registry:https://registry.npmjs.org/rpi-433 not in flight; fetching
52 verbose get https://registry.npmjs.org/rpi-433 not expired, no request
53 silly addNameTag next cb for rpi-433 with tag latest
54 silly addNamed rpi-433@2.1.0
55 verbose addNamed "2.1.0" is a plain semver version for rpi-433
56 silly cache afterAdd rpi-433@2.1.0
57 verbose afterAdd C:\Users\Jack\AppData\Roaming\npm-cache\rpi-433\2.1.0\package\package.json not in flight; writing
58 verbose correctMkdir C:\Users\Jack\AppData\Roaming\npm-cache correctMkdir not in flight; initializing
59 verbose afterAdd C:\Users\Jack\AppData\Roaming\npm-cache\rpi-433\2.1.0\package\package.json written
60 silly fetchNamedPackageData q
61 silly mapToRegistry name q
62 silly mapToRegistry using default registry
63 silly mapToRegistry registry https://registry.npmjs.org/
64 silly mapToRegistry data Result {
64 silly mapToRegistry   raw: 'q',
64 silly mapToRegistry   scope: null,
64 silly mapToRegistry   escapedName: 'q',
64 silly mapToRegistry   name: 'q',
64 silly mapToRegistry   rawSpec: '',
64 silly mapToRegistry   spec: 'latest',
64 silly mapToRegistry   type: 'tag' }
65 silly mapToRegistry uri https://registry.npmjs.org/q
66 silly fetchNamedPackageData underscore
67 silly mapToRegistry name underscore
68 silly mapToRegistry using default registry
69 silly mapToRegistry registry https://registry.npmjs.org/
70 silly mapToRegistry data Result {
70 silly mapToRegistry   raw: 'underscore',
70 silly mapToRegistry   scope: null,
70 silly mapToRegistry   escapedName: 'underscore',
70 silly mapToRegistry   name: 'underscore',
70 silly mapToRegistry   rawSpec: '',
70 silly mapToRegistry   spec: 'latest',
70 silly mapToRegistry   type: 'tag' }
71 silly mapToRegistry uri https://registry.npmjs.org/underscore
72 verbose request uri https://registry.npmjs.org/q
73 verbose request no auth needed
74 info attempt registry request try #1 at 20:13:11
75 verbose etag W/"595bb666-2415a"
76 verbose lastModified Tue, 04 Jul 2017 15:38:14 GMT
77 http request GET https://registry.npmjs.org/q
78 verbose request uri https://registry.npmjs.org/underscore
79 verbose request no auth needed
80 info attempt registry request try #1 at 20:13:11
81 verbose etag W/"595bc3ff-adf9"
82 verbose lastModified Tue, 04 Jul 2017 16:36:15 GMT
83 http request GET https://registry.npmjs.org/underscore
84 http 200 https://registry.npmjs.org/q
85 verbose headers { server: 'nginx/1.10.1',
85 verbose headers   'content-type': 'application/json',
85 verbose headers   'last-modified': 'Tue, 04 Jul 2017 17:58:25 GMT',
85 verbose headers   etag: 'W/"595bd741-2415a"',
85 verbose headers   'content-encoding': 'gzip',
85 verbose headers   'cache-control': 'max-age=300',
85 verbose headers   'content-length': '19674',
85 verbose headers   'accept-ranges': 'bytes',
85 verbose headers   date: 'Tue, 04 Jul 2017 18:13:11 GMT',
85 verbose headers   via: '1.1 varnish',
85 verbose headers   age: '271',
85 verbose headers   connection: 'keep-alive',
85 verbose headers   'x-served-by': 'cache-hhn1543-HHN',
85 verbose headers   'x-cache': 'HIT',
85 verbose headers   'x-cache-hits': '9',
85 verbose headers   'x-timer': 'S1499191992.749131,VS0,VE0',
85 verbose headers   vary: 'Accept-Encoding' }
86 silly get cb [ 200,
86 silly get   { server: 'nginx/1.10.1',
86 silly get     'content-type': 'application/json',
86 silly get     'last-modified': 'Tue, 04 Jul 2017 17:58:25 GMT',
86 silly get     etag: 'W/"595bd741-2415a"',
86 silly get     'content-encoding': 'gzip',
86 silly get     'cache-control': 'max-age=300',
86 silly get     'content-length': '19674',
86 silly get     'accept-ranges': 'bytes',
86 silly get     date: 'Tue, 04 Jul 2017 18:13:11 GMT',
86 silly get     via: '1.1 varnish',
86 silly get     age: '271',
86 silly get     connection: 'keep-alive',
86 silly get     'x-served-by': 'cache-hhn1543-HHN',
86 silly get     'x-cache': 'HIT',
86 silly get     'x-cache-hits': '9',
86 silly get     'x-timer': 'S1499191992.749131,VS0,VE0',
86 silly get     vary: 'Accept-Encoding' } ]
87 verbose get saving q to C:\Users\Jack\AppData\Roaming\npm-cache\registry.npmjs.org\q\.cache.json
88 verbose correctMkdir C:\Users\Jack\AppData\Roaming\npm-cache correctMkdir not in flight; initializing
89 http 304 https://registry.npmjs.org/underscore
90 verbose headers { date: 'Tue, 04 Jul 2017 18:13:11 GMT',
90 verbose headers   via: '1.1 varnish',
90 verbose headers   'cache-control': 'max-age=300',
90 verbose headers   etag: 'W/"595bc3ff-adf9"',
90 verbose headers   age: '70',
90 verbose headers   connection: 'keep-alive',
90 verbose headers   'x-served-by': 'cache-hhn1536-HHN',
90 verbose headers   'x-cache': 'HIT',
90 verbose headers   'x-cache-hits': '2',
90 verbose headers   'x-timer': 'S1499191992.765569,VS0,VE0',
90 verbose headers   vary: 'Accept-Encoding' }
91 silly get cb [ 304,
91 silly get   { date: 'Tue, 04 Jul 2017 18:13:11 GMT',
91 silly get     via: '1.1 varnish',
91 silly get     'cache-control': 'max-age=300',
91 silly get     etag: 'W/"595bc3ff-adf9"',
91 silly get     age: '70',
91 silly get     connection: 'keep-alive',
91 silly get     'x-served-by': 'cache-hhn1536-HHN',
91 silly get     'x-cache': 'HIT',
91 silly get     'x-cache-hits': '2',
91 silly get     'x-timer': 'S1499191992.765569,VS0,VE0',
91 silly get     vary: 'Accept-Encoding' } ]
92 verbose etag https://registry.npmjs.org/underscore from cache
93 verbose get saving underscore to C:\Users\Jack\AppData\Roaming\npm-cache\registry.npmjs.org\underscore\.cache.json
94 verbose correctMkdir C:\Users\Jack\AppData\Roaming\npm-cache correctMkdir not in flight; initializing
95 silly resolveWithNewModule underscore@1.8.3 checking installable status
96 silly cache add args [ 'underscore@^1.8.3', null ]
97 verbose cache add spec underscore@^1.8.3
98 silly cache add parsed spec Result {
98 silly cache add   raw: 'underscore@^1.8.3',
98 silly cache add   scope: null,
98 silly cache add   escapedName: 'underscore',
98 silly cache add   name: 'underscore',
98 silly cache add   rawSpec: '^1.8.3',
98 silly cache add   spec: '>=1.8.3 <2.0.0',
98 silly cache add   type: 'range' }
99 silly addNamed underscore@>=1.8.3 <2.0.0
100 verbose addNamed ">=1.8.3 <2.0.0" is a valid semver range for underscore
101 silly addNameRange { name: 'underscore', range: '>=1.8.3 <2.0.0', hasData: false }
102 silly mapToRegistry name underscore
103 silly mapToRegistry using default registry
104 silly mapToRegistry registry https://registry.npmjs.org/
105 silly mapToRegistry data Result {
105 silly mapToRegistry   raw: 'underscore',
105 silly mapToRegistry   scope: null,
105 silly mapToRegistry   escapedName: 'underscore',
105 silly mapToRegistry   name: 'underscore',
105 silly mapToRegistry   rawSpec: '',
105 silly mapToRegistry   spec: 'latest',
105 silly mapToRegistry   type: 'tag' }
106 silly mapToRegistry uri https://registry.npmjs.org/underscore
107 verbose addNameRange registry:https://registry.npmjs.org/underscore not in flight; fetching
108 silly resolveWithNewModule q@1.5.0 checking installable status
109 silly cache add args [ 'q@^1.4.1', null ]
110 verbose cache add spec q@^1.4.1
111 silly cache add parsed spec Result {
111 silly cache add   raw: 'q@^1.4.1',
111 silly cache add   scope: null,
111 silly cache add   escapedName: 'q',
111 silly cache add   name: 'q',
111 silly cache add   rawSpec: '^1.4.1',
111 silly cache add   spec: '>=1.4.1 <2.0.0',
111 silly cache add   type: 'range' }
112 silly addNamed q@>=1.4.1 <2.0.0
113 verbose addNamed ">=1.4.1 <2.0.0" is a valid semver range for q
114 silly addNameRange { name: 'q', range: '>=1.4.1 <2.0.0', hasData: false }
115 silly mapToRegistry name q
116 silly mapToRegistry using default registry
117 silly mapToRegistry registry https://registry.npmjs.org/
118 silly mapToRegistry data Result {
118 silly mapToRegistry   raw: 'q',
118 silly mapToRegistry   scope: null,
118 silly mapToRegistry   escapedName: 'q',
118 silly mapToRegistry   name: 'q',
118 silly mapToRegistry   rawSpec: '',
118 silly mapToRegistry   spec: 'latest',
118 silly mapToRegistry   type: 'tag' }
119 silly mapToRegistry uri https://registry.npmjs.org/q
120 verbose addNameRange registry:https://registry.npmjs.org/q not in flight; fetching
121 verbose get https://registry.npmjs.org/underscore not expired, no request
122 silly addNameRange number 2 { name: 'underscore', range: '>=1.8.3 <2.0.0', hasData: true }
123 silly addNameRange versions [ 'underscore',
123 silly addNameRange   [ '1.0.3',
123 silly addNameRange     '1.0.4',
123 silly addNameRange     '1.1.0',
123 silly addNameRange     '1.1.1',
123 silly addNameRange     '1.1.2',
123 silly addNameRange     '1.1.3',
123 silly addNameRange     '1.1.4',
123 silly addNameRange     '1.1.5',
123 silly addNameRange     '1.1.6',
123 silly addNameRange     '1.1.7',
123 silly addNameRange     '1.2.0',
123 silly addNameRange     '1.2.1',
123 silly addNameRange     '1.2.2',
123 silly addNameRange     '1.2.3',
123 silly addNameRange     '1.2.4',
123 silly addNameRange     '1.3.0',
123 silly addNameRange     '1.3.1',
123 silly addNameRange     '1.3.2',
123 silly addNameRange     '1.3.3',
123 silly addNameRange     '1.4.0',
123 silly addNameRange     '1.4.1',
123 silly addNameRange     '1.4.2',
123 silly addNameRange     '1.4.3',
123 silly addNameRange     '1.4.4',
123 silly addNameRange     '1.5.0',
123 silly addNameRange     '1.5.1',
123 silly addNameRange     '1.5.2',
123 silly addNameRange     '1.6.0',
123 silly addNameRange     '1.7.0',
123 silly addNameRange     '1.8.0',
123 silly addNameRange     '1.8.1',
123 silly addNameRange     '1.8.2',
123 silly addNameRange     '1.8.3' ] ]
124 silly addNamed underscore@1.8.3
125 verbose addNamed "1.8.3" is a plain semver version for underscore
126 verbose get https://registry.npmjs.org/q not expired, no request
127 silly addNameRange number 2 { name: 'q', range: '>=1.4.1 <2.0.0', hasData: true }
128 silly addNameRange versions [ 'q',
128 silly addNameRange   [ '0.0.0',
128 silly addNameRange     '0.0.1',
128 silly addNameRange     '0.0.2',
128 silly addNameRange     '0.0.3',
128 silly addNameRange     '0.1.0',
128 silly addNameRange     '0.1.1',
128 silly addNameRange     '0.1.2',
128 silly addNameRange     '0.1.3',
128 silly addNameRange     '0.1.4',
128 silly addNameRange     '0.1.5',
128 silly addNameRange     '0.1.6',
128 silly addNameRange     '0.1.7',
128 silly addNameRange     '0.1.8',
128 silly addNameRange     '0.1.9',
128 silly addNameRange     '0.2.0-rc1',
128 silly addNameRange     '0.2.0',
128 silly addNameRange     '0.2.1',
128 silly addNameRange     '0.2.2',
128 silly addNameRange     '0.2.3',
128 silly addNameRange     '0.2.4',
128 silly addNameRange     '0.2.5',
128 silly addNameRange     '0.2.6',
128 silly addNameRange     '0.2.7',
128 silly addNameRange     '0.2.8',
128 silly addNameRange     '0.2.9',
128 silly addNameRange     '0.3.0',
128 silly addNameRange     '0.2.10',
128 silly addNameRange     '0.4.0',
128 silly addNameRange     '0.4.1',
128 silly addNameRange     '0.4.2',
128 silly addNameRange     '0.4.4',
128 silly addNameRange     '0.5.0',
128 silly addNameRange     '0.5.1',
128 silly addNameRange     '0.5.2',
128 silly addNameRange     '0.5.3',
128 silly addNameRange     '0.6.0',
128 silly addNameRange     '0.7.0',
128 silly addNameRange     '0.7.1',
128 silly addNameRange     '0.7.2',
128 silly addNameRange     '0.8.0',
128 silly addNameRange     '0.8.1',
128 silly addNameRange     '0.8.2',
128 silly addNameRange     '0.8.3',
128 silly addNameRange     '0.8.4',
128 silly addNameRange     '0.8.5',
128 silly addNameRange     '0.8.6',
128 silly addNameRange     '0.8.7',
128 silly addNameRange     '0.8.8',
128 silly addNameRange     '0.8.9',
128 silly addNameRange     '0.8.10',
128 silly addNameRange     '0.8.11',
128 silly addNameRange     '0.8.12',
128 silly addNameRange     '0.9.0',
128 silly addNameRange     '0.9.1',
128 silly addNameRange     '0.9.2',
128 silly addNameRange     '0.9.3',
128 silly addNameRange     '0.9.4',
128 silly addNameRange     '0.9.5',
128 silly addNameRange     '0.9.6',
128 silly addNameRange     '0.9.7',
128 silly addNameRange     '1.0.0',
128 silly addNameRange     '1.0.1',
128 silly addNameRange     '2.0.0',
128 silly addNameRange     '2.0.1',
128 silly addNameRange     '2.0.2',
128 silly addNameRange     '1.1.0',
128 silly addNameRange     '1.1.1',
128 silly addNameRange     '1.1.2',
128 silly addNameRange     '2.0.3',
128 silly addNameRange     '1.2.0',
128 silly addNameRange     '1.2.1',
128 silly addNameRange     '1.3.0',
128 silly addNameRange     '1.4.0',
128 silly addNameRange     '1.4.1',
128 silly addNameRange     '1.5.0' ] ]
129 silly addNamed q@1.5.0
130 verbose addNamed "1.5.0" is a plain semver version for q
131 silly cache afterAdd underscore@1.8.3
132 verbose afterAdd C:\Users\Jack\AppData\Roaming\npm-cache\underscore\1.8.3\package\package.json not in flight; writing
133 verbose correctMkdir C:\Users\Jack\AppData\Roaming\npm-cache correctMkdir not in flight; initializing
134 silly cache afterAdd q@1.5.0
135 verbose afterAdd C:\Users\Jack\AppData\Roaming\npm-cache\q\1.5.0\package\package.json not in flight; writing
136 verbose correctMkdir C:\Users\Jack\AppData\Roaming\npm-cache correctMkdir not in flight; initializing
137 verbose afterAdd C:\Users\Jack\AppData\Roaming\npm-cache\underscore\1.8.3\package\package.json written
138 verbose afterAdd C:\Users\Jack\AppData\Roaming\npm-cache\q\1.5.0\package\package.json written
139 silly loadAllDepsIntoIdealTree Finishing
140 silly loadIdealTree Finishing
141 silly currentTree raspi-socket-remote-server
141 silly currentTree +-- accepts@1.3.3
141 silly currentTree +-- array-flatten@1.1.1
141 silly currentTree +-- body-parser@1.17.1
141 silly currentTree +-- bytes@2.4.0
141 silly currentTree +-- child_process@1.0.2
141 silly currentTree +-- content-disposition@0.5.2
141 silly currentTree +-- content-type@1.0.2
141 silly currentTree +-- cookie-signature@1.0.6
141 silly currentTree +-- cookie@0.3.1
141 silly currentTree +-- debug@2.6.1
141 silly currentTree +-- depd@1.1.0
141 silly currentTree +-- destroy@1.0.4
141 silly currentTree +-- ee-first@1.1.1
141 silly currentTree +-- encodeurl@1.0.1
141 silly currentTree +-- escape-html@1.0.3
141 silly currentTree +-- etag@1.8.0
141 silly currentTree +-- express-end@0.0.8
141 silly currentTree +-- express-queue@0.0.5
141 silly currentTree +-- express@4.15.2
141 silly currentTree +-- finalhandler@1.0.1
141 silly currentTree | `-- debug@2.6.3
141 silly currentTree +-- forwarded@0.1.0
141 silly currentTree +-- fresh@0.5.0
141 silly currentTree +-- http-errors@1.6.1
141 silly currentTree +-- iconv-lite@0.4.15
141 silly currentTree +-- inherits@2.0.3
141 silly currentTree +-- inpath@1.0.2
141 silly currentTree +-- ipaddr.js@1.3.0
141 silly currentTree +-- media-typer@0.3.0
141 silly currentTree +-- merge-descriptors@1.0.1
141 silly currentTree +-- methods@1.1.2
141 silly currentTree +-- mime-db@1.27.0
141 silly currentTree +-- mime-types@2.1.15
141 silly currentTree +-- mime@1.3.4
141 silly currentTree +-- mini-queue@0.0.8
141 silly currentTree +-- ms@0.7.2
141 silly currentTree +-- mute-stream@0.0.7
141 silly currentTree +-- negotiator@0.6.1
141 silly currentTree +-- on-finished@2.3.0
141 silly currentTree +-- parseurl@1.3.1
141 silly currentTree +-- path-to-regexp@0.1.7
141 silly currentTree +-- pidof@1.0.2
141 silly currentTree +-- proxy-addr@1.1.4
141 silly currentTree +-- qs@6.4.0
141 silly currentTree +-- range-parser@1.2.0
141 silly currentTree +-- raw-body@2.2.0
141 silly currentTree +-- read@1.0.7
141 silly currentTree +-- send@0.15.1
141 silly currentTree +-- serve-static@1.12.1
141 silly currentTree +-- setprototypeof@1.0.3
141 silly currentTree +-- statuses@1.3.1
141 silly currentTree +-- sudo-prompt@7.0.0
141 silly currentTree +-- sudo@1.0.3
141 silly currentTree +-- sys@0.0.1
141 silly currentTree +-- type-is@1.6.15
141 silly currentTree +-- unpipe@1.0.0
141 silly currentTree +-- util@0.10.3
141 silly currentTree | `-- inherits@2.0.1
141 silly currentTree +-- utils-merge@1.0.0
141 silly currentTree `-- vary@1.1.1
142 silly idealTree raspi-socket-remote-server
142 silly idealTree +-- accepts@1.3.3
142 silly idealTree +-- array-flatten@1.1.1
142 silly idealTree +-- body-parser@1.17.1
142 silly idealTree +-- bytes@2.4.0
142 silly idealTree +-- child_process@1.0.2
142 silly idealTree +-- content-disposition@0.5.2
142 silly idealTree +-- content-type@1.0.2
142 silly idealTree +-- cookie-signature@1.0.6
142 silly idealTree +-- cookie@0.3.1
142 silly idealTree +-- debug@2.6.1
142 silly idealTree +-- depd@1.1.0
142 silly idealTree +-- destroy@1.0.4
142 silly idealTree +-- ee-first@1.1.1
142 silly idealTree +-- encodeurl@1.0.1
142 silly idealTree +-- escape-html@1.0.3
142 silly idealTree +-- etag@1.8.0
142 silly idealTree +-- express-end@0.0.8
142 silly idealTree +-- express-queue@0.0.5
142 silly idealTree +-- express@4.15.2
142 silly idealTree +-- finalhandler@1.0.1
142 silly idealTree | `-- debug@2.6.3
142 silly idealTree +-- forwarded@0.1.0
142 silly idealTree +-- fresh@0.5.0
142 silly idealTree +-- http-errors@1.6.1
142 silly idealTree +-- iconv-lite@0.4.15
142 silly idealTree +-- inherits@2.0.3
142 silly idealTree +-- inpath@1.0.2
142 silly idealTree +-- ipaddr.js@1.3.0
142 silly idealTree +-- media-typer@0.3.0
142 silly idealTree +-- merge-descriptors@1.0.1
142 silly idealTree +-- methods@1.1.2
142 silly idealTree +-- mime-db@1.27.0
142 silly idealTree +-- mime-types@2.1.15
142 silly idealTree +-- mime@1.3.4
142 silly idealTree +-- mini-queue@0.0.8
142 silly idealTree +-- ms@0.7.2
142 silly idealTree +-- mute-stream@0.0.7
142 silly idealTree +-- negotiator@0.6.1
142 silly idealTree +-- on-finished@2.3.0
142 silly idealTree +-- parseurl@1.3.1
142 silly idealTree +-- path-to-regexp@0.1.7
142 silly idealTree +-- pidof@1.0.2
142 silly idealTree +-- proxy-addr@1.1.4
142 silly idealTree +-- q@1.5.0
142 silly idealTree +-- qs@6.4.0
142 silly idealTree +-- range-parser@1.2.0
142 silly idealTree +-- raw-body@2.2.0
142 silly idealTree +-- read@1.0.7
142 silly idealTree +-- rpi-433@2.1.0
142 silly idealTree +-- send@0.15.1
142 silly idealTree +-- serve-static@1.12.1
142 silly idealTree +-- setprototypeof@1.0.3
142 silly idealTree +-- statuses@1.3.1
142 silly idealTree +-- sudo-prompt@7.0.0
142 silly idealTree +-- sudo@1.0.3
142 silly idealTree +-- sys@0.0.1
142 silly idealTree +-- type-is@1.6.15
142 silly idealTree +-- underscore@1.8.3
142 silly idealTree +-- unpipe@1.0.0
142 silly idealTree +-- util@0.10.3
142 silly idealTree | `-- inherits@2.0.1
142 silly idealTree +-- utils-merge@1.0.0
142 silly idealTree `-- vary@1.1.1
143 silly generateActionsToTake Starting
144 silly install generateActionsToTake
145 silly generateActionsToTake Finishing
146 silly diffTrees action count 3
147 silly diffTrees add q@1.5.0
148 silly diffTrees add underscore@1.8.3
149 silly diffTrees add rpi-433@2.1.0
150 silly decomposeActions action count 24
151 silly decomposeActions fetch q@1.5.0
152 silly decomposeActions extract q@1.5.0
153 silly decomposeActions test q@1.5.0
154 silly decomposeActions preinstall q@1.5.0
155 silly decomposeActions build q@1.5.0
156 silly decomposeActions install q@1.5.0
157 silly decomposeActions postinstall q@1.5.0
158 silly decomposeActions finalize q@1.5.0
159 silly decomposeActions fetch underscore@1.8.3
160 silly decomposeActions extract underscore@1.8.3
161 silly decomposeActions test underscore@1.8.3
162 silly decomposeActions preinstall underscore@1.8.3
163 silly decomposeActions build underscore@1.8.3
164 silly decomposeActions install underscore@1.8.3
165 silly decomposeActions postinstall underscore@1.8.3
166 silly decomposeActions finalize underscore@1.8.3
167 silly decomposeActions fetch rpi-433@2.1.0
168 silly decomposeActions extract rpi-433@2.1.0
169 silly decomposeActions test rpi-433@2.1.0
170 silly decomposeActions preinstall rpi-433@2.1.0
171 silly decomposeActions build rpi-433@2.1.0
172 silly decomposeActions install rpi-433@2.1.0
173 silly decomposeActions postinstall rpi-433@2.1.0
174 silly decomposeActions finalize rpi-433@2.1.0
175 silly runTopLevelLifecycles Starting
176 silly executeActions Starting
177 silly install executeActions
178 silly doSerial global-install 0
179 silly doParallel fetch 3
180 verbose correctMkdir C:\Users\Jack\AppData\Roaming\npm-cache\_locks correctMkdir not in flight; initializing
181 verbose lock using C:\Users\Jack\AppData\Roaming\npm-cache\_locks\staging-9f4783e62cf4f461.lock for E:\Development\NodeJS\raspi-socket-remote-server\node_modules\.staging
182 silly doParallel extract 3
183 silly extract q@1.5.0
184 silly extract underscore@1.8.3
185 silly extract rpi-433@2.1.0
186 verbose unbuild node_modules\.staging\q-89287fdf
187 verbose unbuild node_modules\.staging\underscore-04778c47
188 verbose unbuild node_modules\.staging\rpi-433-33235f33
189 silly gentlyRm E:\Development\NodeJS\raspi-socket-remote-server\node_modules\.staging\q-89287fdf is being purged from base E:\Development\NodeJS\raspi-socket-remote-server
190 verbose gentlyRm don't care about contents; nuking E:\Development\NodeJS\raspi-socket-remote-server\node_modules\.staging\q-89287fdf
191 silly gentlyRm E:\Development\NodeJS\raspi-socket-remote-server\node_modules\.staging\underscore-04778c47 is being purged from base E:\Development\NodeJS\raspi-socket-remote-server
192 verbose gentlyRm don't care about contents; nuking E:\Development\NodeJS\raspi-socket-remote-server\node_modules\.staging\underscore-04778c47
193 silly gentlyRm E:\Development\NodeJS\raspi-socket-remote-server\node_modules\.staging\rpi-433-33235f33 is being purged from base E:\Development\NodeJS\raspi-socket-remote-server
194 verbose gentlyRm don't care about contents; nuking E:\Development\NodeJS\raspi-socket-remote-server\node_modules\.staging\rpi-433-33235f33
195 verbose tar unpack C:\Users\Jack\AppData\Roaming\npm-cache\q\1.5.0\package.tgz
196 verbose tar unpacking to E:\Development\NodeJS\raspi-socket-remote-server\node_modules\.staging\q-89287fdf
197 silly gentlyRm E:\Development\NodeJS\raspi-socket-remote-server\node_modules\.staging\q-89287fdf is being purged
198 verbose gentlyRm don't care about contents; nuking E:\Development\NodeJS\raspi-socket-remote-server\node_modules\.staging\q-89287fdf
199 verbose tar unpack C:\Users\Jack\AppData\Roaming\npm-cache\underscore\1.8.3\package.tgz
200 verbose tar unpacking to E:\Development\NodeJS\raspi-socket-remote-server\node_modules\.staging\underscore-04778c47
201 silly gentlyRm E:\Development\NodeJS\raspi-socket-remote-server\node_modules\.staging\underscore-04778c47 is being purged
202 verbose gentlyRm don't care about contents; nuking E:\Development\NodeJS\raspi-socket-remote-server\node_modules\.staging\underscore-04778c47
203 verbose tar unpack C:\Users\Jack\AppData\Roaming\npm-cache\rpi-433\2.1.0\package.tgz
204 verbose tar unpacking to E:\Development\NodeJS\raspi-socket-remote-server\node_modules\.staging\rpi-433-33235f33
205 silly gentlyRm E:\Development\NodeJS\raspi-socket-remote-server\node_modules\.staging\rpi-433-33235f33 is being purged
206 verbose gentlyRm don't care about contents; nuking E:\Development\NodeJS\raspi-socket-remote-server\node_modules\.staging\rpi-433-33235f33
207 silly gunzTarPerm modes [ '777', '666' ]
208 silly gunzTarPerm modes [ '777', '666' ]
209 silly gunzTarPerm modes [ '777', '666' ]
210 silly gunzTarPerm extractEntry package.json
211 silly gunzTarPerm modified mode [ 'package.json', 420, 438 ]
212 silly gunzTarPerm extractEntry package.json
213 silly gunzTarPerm modified mode [ 'package.json', 420, 438 ]
214 silly gunzTarPerm extractEntry package.json
215 silly gunzTarPerm modified mode [ 'package.json', 436, 438 ]
216 silly gunzTarPerm extractEntry README.md
217 silly gunzTarPerm modified mode [ 'README.md', 420, 438 ]
218 silly gunzTarPerm extractEntry LICENSE
219 silly gunzTarPerm modified mode [ 'LICENSE', 420, 438 ]
220 silly gunzTarPerm extractEntry README.md
221 silly gunzTarPerm modified mode [ 'README.md', 420, 438 ]
222 silly gunzTarPerm extractEntry .npmignore
223 silly gunzTarPerm modified mode [ '.npmignore', 436, 438 ]
224 silly gunzTarPerm extractEntry README.md
225 silly gunzTarPerm modified mode [ 'README.md', 436, 438 ]
226 silly gunzTarPerm extractEntry LICENSE
227 silly gunzTarPerm modified mode [ 'LICENSE', 420, 438 ]
228 silly gunzTarPerm extractEntry q.js
229 silly gunzTarPerm modified mode [ 'q.js', 420, 438 ]
230 silly gunzTarPerm extractEntry queue.js
231 silly gunzTarPerm modified mode [ 'queue.js', 420, 438 ]
232 silly gunzTarPerm extractEntry CHANGES.md
233 silly gunzTarPerm modified mode [ 'CHANGES.md', 420, 438 ]
234 silly gunzTarPerm extractEntry underscore.js
235 silly gunzTarPerm modified mode [ 'underscore.js', 420, 438 ]
236 silly gunzTarPerm extractEntry underscore-min.js
237 silly gunzTarPerm modified mode [ 'underscore-min.js', 420, 438 ]
238 silly gunzTarPerm extractEntry underscore-min.map
239 silly gunzTarPerm modified mode [ 'underscore-min.map', 420, 438 ]
240 silly gunzTarPerm extractEntry Emitter.js
241 silly gunzTarPerm modified mode [ 'Emitter.js', 436, 438 ]
242 silly gunzTarPerm extractEntry Sniffer.js
243 silly gunzTarPerm modified mode [ 'Sniffer.js', 436, 438 ]
244 silly gunzTarPerm extractEntry index.js
245 silly gunzTarPerm modified mode [ 'index.js', 436, 438 ]
246 silly gunzTarPerm extractEntry src/Makefile
247 silly gunzTarPerm modified mode [ 'src/Makefile', 436, 438 ]
248 silly gunzTarPerm extractEntry src/RCSwitch.cpp
249 silly gunzTarPerm modified mode [ 'src/RCSwitch.cpp', 436, 438 ]
250 silly gunzTarPerm extractEntry src/RCSwitch.h
251 silly gunzTarPerm modified mode [ 'src/RCSwitch.h', 436, 438 ]
252 silly gunzTarPerm extractEntry src/RFSniffer.cpp
253 silly gunzTarPerm modified mode [ 'src/RFSniffer.cpp', 436, 438 ]
254 silly gunzTarPerm extractEntry src/codesend.cpp
255 silly gunzTarPerm modified mode [ 'src/codesend.cpp', 436, 438 ]
256 silly gentlyRm E:\Development\NodeJS\raspi-socket-remote-server\node_modules\.staging\underscore-04778c47\node_modules is being purged
257 verbose gentlyRm don't care about contents; nuking E:\Development\NodeJS\raspi-socket-remote-server\node_modules\.staging\underscore-04778c47\node_modules
258 silly gentlyRm E:\Development\NodeJS\raspi-socket-remote-server\node_modules\.staging\q-89287fdf\node_modules is being purged
259 verbose gentlyRm don't care about contents; nuking E:\Development\NodeJS\raspi-socket-remote-server\node_modules\.staging\q-89287fdf\node_modules
260 silly gentlyRm E:\Development\NodeJS\raspi-socket-remote-server\node_modules\.staging\rpi-433-33235f33\node_modules is being purged
261 verbose gentlyRm don't care about contents; nuking E:\Development\NodeJS\raspi-socket-remote-server\node_modules\.staging\rpi-433-33235f33\node_modules
262 silly doParallel preinstall 3
263 silly preinstall q@1.5.0 E:\Development\NodeJS\raspi-socket-remote-server\node_modules\.staging\q-89287fdf
264 info lifecycle q@1.5.0~preinstall: q@1.5.0
265 silly preinstall underscore@1.8.3 E:\Development\NodeJS\raspi-socket-remote-server\node_modules\.staging\underscore-04778c47
266 info lifecycle underscore@1.8.3~preinstall: underscore@1.8.3
267 silly preinstall rpi-433@2.1.0 E:\Development\NodeJS\raspi-socket-remote-server\node_modules\.staging\rpi-433-33235f33
268 info lifecycle rpi-433@2.1.0~preinstall: rpi-433@2.1.0
269 silly lifecycle q@1.5.0~preinstall: no script for preinstall, continuing
270 silly lifecycle underscore@1.8.3~preinstall: no script for preinstall, continuing
271 silly lifecycle rpi-433@2.1.0~preinstall: no script for preinstall, continuing
272 silly doReverseSerial remove 0
273 silly doSerial move 0
274 silly doSerial finalize 3
275 silly finalize E:\Development\NodeJS\raspi-socket-remote-server\node_modules\q
276 silly finalize E:\Development\NodeJS\raspi-socket-remote-server\node_modules\underscore
277 silly finalize E:\Development\NodeJS\raspi-socket-remote-server\node_modules\rpi-433
278 silly doSerial build 3
279 silly build q@1.5.0
280 info linkStuff q@1.5.0
281 silly linkStuff q@1.5.0 has E:\Development\NodeJS\raspi-socket-remote-server\node_modules as its parent node_modules
282 verbose linkBins q@1.5.0
283 verbose linkMans q@1.5.0
284 silly build underscore@1.8.3
285 info linkStuff underscore@1.8.3
286 silly linkStuff underscore@1.8.3 has E:\Development\NodeJS\raspi-socket-remote-server\node_modules as its parent node_modules
287 verbose linkBins underscore@1.8.3
288 verbose linkMans underscore@1.8.3
289 silly build rpi-433@2.1.0
290 info linkStuff rpi-433@2.1.0
291 silly linkStuff rpi-433@2.1.0 has E:\Development\NodeJS\raspi-socket-remote-server\node_modules as its parent node_modules
292 verbose linkBins rpi-433@2.1.0
293 verbose linkMans rpi-433@2.1.0
294 silly doSerial global-link 0
295 silly doParallel update-linked 0
296 silly doSerial install 3
297 silly install q@1.5.0 E:\Development\NodeJS\raspi-socket-remote-server\node_modules\.staging\q-89287fdf
298 info lifecycle q@1.5.0~install: q@1.5.0
299 silly lifecycle q@1.5.0~install: no script for install, continuing
300 silly install underscore@1.8.3 E:\Development\NodeJS\raspi-socket-remote-server\node_modules\.staging\underscore-04778c47
301 info lifecycle underscore@1.8.3~install: underscore@1.8.3
302 silly lifecycle underscore@1.8.3~install: no script for install, continuing
303 silly install rpi-433@2.1.0 E:\Development\NodeJS\raspi-socket-remote-server\node_modules\.staging\rpi-433-33235f33
304 info lifecycle rpi-433@2.1.0~install: rpi-433@2.1.0
305 verbose lifecycle rpi-433@2.1.0~install: unsafe-perm in lifecycle true
306 verbose lifecycle rpi-433@2.1.0~install: PATH: D:\Devlopment Programms\nodejs\node_modules\npm\bin\node-gyp-bin;E:\Development\NodeJS\raspi-socket-remote-server\node_modules\rpi-433\node_modules\.bin;E:\Development\NodeJS\raspi-socket-remote-server\node_modules\.bin;D:\Devlopment Programms\cmder\bin;D:\Devlopment Programms\cmder\vendor\git-for-windows\cmd;D:\Devlopment Programms\cmder\vendor\conemu-maximus5\ConEmu\Scripts;D:\Devlopment Programms\cmder\vendor\conemu-maximus5;D:\Devlopment Programms\cmder\vendor\conemu-maximus5\ConEmu;C:\ProgramData\Oracle\Java\javapath;C:\Windows\system32;C:\Windows;C:\Windows\System32\Wbem;C:\Windows\System32\WindowsPowerShell\v1.0\;C:\Program Files (x86)\NVIDIA Corporation\PhysX\Common;D:\Programme\Putty\;D:\Devlopment Programms\nodejs\;C:\Users\Jack\AppData\Local\Microsoft\WindowsApps;C:\Users\Jack\AppData\Local\atom\bin;C:\Users\Jack\AppData\Roaming\npm;D:\Devlopment Programms\cmder\vendor\git-for-windows\usr\bin;D:\Devlopment Programms\cmder\vendor\git-for-windows\usr\share\vim\vim74;D:\Devlopment Programms\cmder\
307 verbose lifecycle rpi-433@2.1.0~install: CWD: E:\Development\NodeJS\raspi-socket-remote-server\node_modules\rpi-433
308 silly lifecycle rpi-433@2.1.0~install: Args: [ '/d /s /c', 'mkdir ./build && cd ./src && /usr/bin/make' ]
309 silly lifecycle rpi-433@2.1.0~install: Returned: code: 1  signal: null
310 info lifecycle rpi-433@2.1.0~install: Failed to exec install script
311 verbose unlock done using C:\Users\Jack\AppData\Roaming\npm-cache\_locks\staging-9f4783e62cf4f461.lock for E:\Development\NodeJS\raspi-socket-remote-server\node_modules\.staging
312 silly rollbackFailedOptional Starting
313 silly rollbackFailedOptional Finishing
314 silly runTopLevelLifecycles Finishing
315 silly install printInstalled
316 warn enoent ENOENT: no such file or directory, open 'E:\Development\NodeJS\raspi-socket-remote-server\package.json'
317 verbose enoent ENOENT: no such file or directory, open 'E:\Development\NodeJS\raspi-socket-remote-server\package.json'
317 verbose enoent This is most likely not a problem with npm itself
317 verbose enoent and is related to npm not being able to find a file.
318 warn raspi-socket-remote-server No description
319 verbose If you need help, you may report this error at:
319 verbose     <https://github.com/npm/npm/issues>
320 warn raspi-socket-remote-server No repository field.
321 verbose If you need help, you may report this error at:
321 verbose     <https://github.com/npm/npm/issues>
322 warn raspi-socket-remote-server No README data
323 verbose If you need help, you may report this error at:
323 verbose     <https://github.com/npm/npm/issues>
324 warn raspi-socket-remote-server No license field.
325 verbose If you need help, you may report this error at:
325 verbose     <https://github.com/npm/npm/issues>
326 verbose stack Error: rpi-433@2.1.0 install: `mkdir ./build && cd ./src && /usr/bin/make`
326 verbose stack Exit status 1
326 verbose stack     at EventEmitter.<anonymous> (D:\Devlopment Programms\nodejs\node_modules\npm\lib\utils\lifecycle.js:255:16)
326 verbose stack     at emitTwo (events.js:106:13)
326 verbose stack     at EventEmitter.emit (events.js:191:7)
326 verbose stack     at ChildProcess.<anonymous> (D:\Devlopment Programms\nodejs\node_modules\npm\lib\utils\spawn.js:40:14)
326 verbose stack     at emitTwo (events.js:106:13)
326 verbose stack     at ChildProcess.emit (events.js:191:7)
326 verbose stack     at maybeClose (internal/child_process.js:886:16)
326 verbose stack     at Process.ChildProcess._handle.onexit (internal/child_process.js:226:5)
327 verbose pkgid rpi-433@2.1.0
328 verbose cwd E:\Development\NodeJS\raspi-socket-remote-server
329 error Windows_NT 10.0.15063
330 error argv "D:\\Devlopment Programms\\nodejs\\node.exe" "D:\\Devlopment Programms\\nodejs\\node_modules\\npm\\bin\\npm-cli.js" "install" "rpi-433"
331 error node v6.10.2
332 error npm  v3.10.10
333 error code ELIFECYCLE
334 error rpi-433@2.1.0 install: `mkdir ./build && cd ./src && /usr/bin/make`
334 error Exit status 1
335 error Failed at the rpi-433@2.1.0 install script 'mkdir ./build && cd ./src && /usr/bin/make'.
335 error Make sure you have the latest version of node.js and npm installed.
335 error If you do, this is most likely a problem with the rpi-433 package,
335 error not with npm itself.
335 error Tell the author that this fails on your system:
335 error     mkdir ./build && cd ./src && /usr/bin/make
335 error You can get information on how to open an issue for this project with:
335 error     npm bugs rpi-433
335 error Or if that isn't available, you can get their info via:
335 error     npm owner ls rpi-433
335 error There is likely additional logging output above.
336 verbose exit [ 1, true ]
